<?xml version="1.0" encoding="UTF-8"?>
<!-- Generated by org.testng.reporters.JUnitXMLReporter -->
<testsuite ignored="1" hostname="DESKTOP-I6J9FLR" failures="0" tests="4" name="Default test" time="29.522" errors="0" timestamp="2024-09-25T07:50:32 IST">
  <testcase classname="com.sevenrmartsupermarket.base.LoginTest" name="verifyLoginDataProvider" time="0.756"/>
  <testcase classname="com.sevenrmartsupermarket.base.LoginTest" name="verifyLoginDataProvider" time="0.546"/>
  <testcase classname="com.sevenrmartsupermarket.base.LoginTest" name="verifyLoginDataProvider" time="0.5"/>
  <testcase classname="com.sevenrmartsupermarket.base.LoginTest" name="verifyLoginDataProvider" time="0.485"/>
  <testcase classname="com.sevenrmartsupermarket.base.LoginTest" name="verifyLogin" time="0.0">
    <ignored/>
  </testcase> <!-- verifyLogin -->
</testsuite> <!-- Default test -->
