<?xml version="1.0" encoding="UTF-8"?>
<!-- Generated by org.testng.reporters.JUnitXMLReporter -->
<testsuite ignored="3" hostname="DESKTOP-I6J9FLR" failures="0" tests="1" name="Default test" time="10.566" errors="0" timestamp="2024-09-25T23:37:17 IST">
  <testcase classname="com.sevenrmartsupermarket.base.SubCategoryTest" name="enterSubCategoryInfo" time="2.532"/>
  <testcase classname="com.sevenrmartsupermarket.base.SubCategoryTest" name="verifyNewSubCategory" time="0.0">
    <ignored/>
  </testcase> <!-- verifyNewSubCategory -->
  <testcase classname="com.sevenrmartsupermarket.base.SubCategoryTest" name="verifyAllSubCategorynames" time="0.0">
    <ignored/>
  </testcase> <!-- verifyAllSubCategorynames -->
  <testcase classname="com.sevenrmartsupermarket.base.SubCategoryTest" name="verifySubCategoryHeader" time="0.0">
    <ignored/>
  </testcase> <!-- verifySubCategoryHeader -->
</testsuite> <!-- Default test -->
