<?xml version="1.0" encoding="UTF-8"?>
<!-- Generated by org.testng.reporters.JUnitXMLReporter -->
<testsuite ignored="0" hostname="DESKTOP-I6J9FLR" failures="0" tests="6" name="loginDetails" time="49.21" errors="0" timestamp="2024-09-26T07:59:08 IST">
  <testcase classname="com.sevenrmartsupermarket.base.LoginTest" name="rememberMeCheck" time="0.285"/>
  <testcase classname="com.sevenrmartsupermarket.base.LoginTest" name="verifyLogin" time="3.73"/>
  <testcase classname="com.sevenrmartsupermarket.base.LoginTest" name="verifyLoginDataProvider" time="1.135"/>
  <testcase classname="com.sevenrmartsupermarket.base.LoginTest" name="verifyLoginDataProvider" time="0.968"/>
  <testcase classname="com.sevenrmartsupermarket.base.LoginTest" name="verifyLoginDataProvider" time="0.847"/>
  <testcase classname="com.sevenrmartsupermarket.base.LoginTest" name="verifyLoginDataProvider" time="0.75"/>
</testsuite> <!-- loginDetails -->
