<?xml version="1.0" encoding="UTF-8"?>
<!-- Generated by org.testng.reporters.JUnitXMLReporter -->
<testsuite ignored="0" hostname="DESKTOP-I6J9FLR" failures="0" tests="5" name="loginDetails" time="40.349" errors="0" timestamp="2024-09-23T09:30:12 IST">
  <testcase classname="com.sevenrmartsupermarket.base.LoginTest" name="verifyLogin" time="2.723"/>
  <testcase classname="com.sevenrmartsupermarket.base.LoginTest" name="verifyLoginDataProvider" time="0.806"/>
  <testcase classname="com.sevenrmartsupermarket.base.LoginTest" name="verifyLoginDataProvider" time="2.223"/>
  <testcase classname="com.sevenrmartsupermarket.base.LoginTest" name="verifyLoginDataProvider" time="0.689"/>
  <testcase classname="com.sevenrmartsupermarket.base.LoginTest" name="verifyLoginDataProvider" time="1.556"/>
</testsuite> <!-- loginDetails -->
