<?xml version="1.0" encoding="UTF-8"?>
<!-- Generated by org.testng.reporters.JUnitXMLReporter -->
<testsuite ignored="0" hostname="DESKTOP-I6J9FLR" failures="0" tests="5" name="Chrome Browser" time="32.599" errors="0" timestamp="2024-09-24T07:50:02 IST">
  <testcase classname="com.sevenrmartsupermarket.base.LoginTest" name="verifyLogin" time="2.672"/>
  <testcase classname="com.sevenrmartsupermarket.base.LoginTest" name="verifyLoginDataProvider" time="0.701"/>
  <testcase classname="com.sevenrmartsupermarket.base.LoginTest" name="verifyLoginDataProvider" time="0.839"/>
  <testcase classname="com.sevenrmartsupermarket.base.LoginTest" name="verifyLoginDataProvider" time="1.55"/>
  <testcase classname="com.sevenrmartsupermarket.base.LoginTest" name="verifyLoginDataProvider" time="1.122"/>
</testsuite> <!-- Chrome Browser -->
