<?xml version="1.0" encoding="UTF-8"?>
<!-- Generated by org.testng.reporters.JUnitXMLReporter -->
<testsuite ignored="0" hostname="DESKTOP-I6J9FLR" failures="0" tests="5" name="Execution in Chrome Browser" time="121.876" errors="0" timestamp="2024-09-24T22:08:58 IST">
  <testcase classname="com.sevenrmartsupermarket.base.LoginTest" name="verifyLogin" time="6.329"/>
  <testcase classname="com.sevenrmartsupermarket.base.LoginTest" name="verifyLoginDataProvider" time="1.473"/>
  <testcase classname="com.sevenrmartsupermarket.base.LoginTest" name="verifyLoginDataProvider" time="1.996"/>
  <testcase classname="com.sevenrmartsupermarket.base.LoginTest" name="verifyLoginDataProvider" time="1.804"/>
  <testcase classname="com.sevenrmartsupermarket.base.LoginTest" name="verifyLoginDataProvider" time="2.294"/>
</testsuite> <!-- Execution in Chrome Browser -->
