<?xml version="1.0" encoding="UTF-8"?>
<!-- Generated by org.testng.reporters.JUnitXMLReporter -->
<testsuite ignored="0" hostname="DESKTOP-I6J9FLR" failures="0" tests="3" name="Execution in Firefox" time="53.025" errors="0" timestamp="2024-09-24T22:09:51 IST">
  <testcase classname="com.sevenrmartsupermarket.base.SubCategoryTest" name="verifyAllSubCategorynames" time="5.099"/>
  <testcase classname="com.sevenrmartsupermarket.base.SubCategoryTest" name="verifyNewSubCategory" time="6.682"/>
  <testcase classname="com.sevenrmartsupermarket.base.SubCategoryTest" name="verifySubCategoryHeader" time="3.019"/>
</testsuite> <!-- Execution in Firefox -->
