<?xml version="1.0" encoding="UTF-8"?>
<!-- Generated by org.testng.reporters.JUnitXMLReporter -->
<testsuite ignored="0" hostname="DESKTOP-I6J9FLR" failures="0" tests="3" name="Firefox" time="25.859" errors="0" timestamp="2024-09-24T07:50:28 IST">
  <testcase classname="com.sevenrmartsupermarket.base.SubCategoryTest" name="verifyAllSubCategorynames" time="2.274"/>
  <testcase classname="com.sevenrmartsupermarket.base.SubCategoryTest" name="verifyNewSubCategory" time="4.309"/>
  <testcase classname="com.sevenrmartsupermarket.base.SubCategoryTest" name="verifySubCategoryHeader" time="3.301"/>
</testsuite> <!-- Firefox -->
