<?xml version="1.0" encoding="UTF-8"?>
<testng-results ignored="0" total="1" passed="1" failed="0" skipped="0">
  <reporter-output>
  </reporter-output>
  <suite started-at="2024-09-30T21:32:38 IST" name="Default suite" finished-at="2024-09-30T21:32:46 IST" duration-ms="8461">
    <groups>
      <group name="Smoke">
        <method signature="SubCategoryTest.verifyNewSubCategory()[pri:0, instance:com.sevenrmartsupermarket.tests.SubCategoryTest@bccb269]" name="verifyNewSubCategory" class="com.sevenrmartsupermarket.tests.SubCategoryTest"/>
      </group> <!-- Smoke -->
    </groups>
    <test started-at="2024-09-30T21:32:38 IST" name="Default test" finished-at="2024-09-30T21:32:46 IST" duration-ms="8461">
      <class name="com.sevenrmartsupermarket.tests.SubCategoryTest">
        <test-method is-config="true" signature="launchBrowser()[pri:0, instance:com.sevenrmartsupermarket.tests.SubCategoryTest@bccb269]" started-at="2024-09-30T21:32:38 IST" name="launchBrowser" finished-at="2024-09-30T21:32:42 IST" duration-ms="4367" status="PASS">
          <reporter-output>
          </reporter-output>
        </test-method> <!-- launchBrowser -->
        <test-method signature="verifyNewSubCategory()[pri:0, instance:com.sevenrmartsupermarket.tests.SubCategoryTest@bccb269]" started-at="2024-09-30T21:32:42 IST" name="verifyNewSubCategory" finished-at="2024-09-30T21:32:46 IST" duration-ms="3995" status="PASS">
          <reporter-output>
          </reporter-output>
        </test-method> <!-- verifyNewSubCategory -->
        <test-method is-config="true" signature="FailurescreenShot(org.testng.ITestResult)[pri:0, instance:com.sevenrmartsupermarket.tests.SubCategoryTest@bccb269]" started-at="2024-09-30T21:32:46 IST" name="FailurescreenShot" finished-at="2024-09-30T21:32:46 IST" duration-ms="3" status="PASS">
          <params>
            <param index="0">
              <value>
                <![CDATA[[TestResult name=verifyNewSubCategory status=SUCCESS method=SubCategoryTest.verifyNewSubCategory()[pri:0, instance:com.sevenrmartsupermarket.tests.SubCategoryTest@bccb269] output={null}]]]>
              </value>
            </param>
          </params>
          <reporter-output>
          </reporter-output>
        </test-method> <!-- FailurescreenShot -->
      </class> <!-- com.sevenrmartsupermarket.tests.SubCategoryTest -->
    </test> <!-- Default test -->
  </suite> <!-- Default suite -->
</testng-results>
