<?xml version="1.0" encoding="UTF-8"?>
<testng-results ignored="0" total="1" passed="1" failed="0" skipped="0">
  <reporter-output>
  </reporter-output>
  <suite started-at="2024-10-02T15:26:45 IST" name="Default suite" finished-at="2024-10-02T15:27:02 IST" duration-ms="16719">
    <groups>
      <group name="Smoke">
        <method signature="SubCategoryTest.verfySubCategoryEntry()[pri:0, instance:com.sevenrmartsupermarket.tests.SubCategoryTest@bccb269]" name="verfySubCategoryEntry" class="com.sevenrmartsupermarket.tests.SubCategoryTest"/>
      </group> <!-- Smoke -->
    </groups>
    <test started-at="2024-10-02T15:26:45 IST" name="Default test" finished-at="2024-10-02T15:27:02 IST" duration-ms="16719">
      <class name="com.sevenrmartsupermarket.tests.SubCategoryTest">
        <test-method is-config="true" signature="launchBrowser()[pri:0, instance:com.sevenrmartsupermarket.tests.SubCategoryTest@bccb269]" started-at="2024-10-02T15:26:45 IST" name="launchBrowser" finished-at="2024-10-02T15:26:54 IST" duration-ms="9225" status="PASS">
          <reporter-output>
          </reporter-output>
        </test-method> <!-- launchBrowser -->
        <test-method signature="verfySubCategoryEntry()[pri:0, instance:com.sevenrmartsupermarket.tests.SubCategoryTest@bccb269]" started-at="2024-10-02T15:26:54 IST" name="verfySubCategoryEntry" finished-at="2024-10-02T15:27:02 IST" duration-ms="7405" status="PASS">
          <reporter-output>
          </reporter-output>
        </test-method> <!-- verfySubCategoryEntry -->
        <test-method is-config="true" signature="FailurescreenShot(org.testng.ITestResult)[pri:0, instance:com.sevenrmartsupermarket.tests.SubCategoryTest@bccb269]" started-at="2024-10-02T15:27:02 IST" name="FailurescreenShot" finished-at="2024-10-02T15:27:02 IST" duration-ms="6" status="PASS">
          <params>
            <param index="0">
              <value>
                <![CDATA[[TestResult name=verfySubCategoryEntry status=SUCCESS method=SubCategoryTest.verfySubCategoryEntry()[pri:0, instance:com.sevenrmartsupermarket.tests.SubCategoryTest@bccb269] output={null}]]]>
              </value>
            </param>
          </params>
          <reporter-output>
          </reporter-output>
        </test-method> <!-- FailurescreenShot -->
      </class> <!-- com.sevenrmartsupermarket.tests.SubCategoryTest -->
    </test> <!-- Default test -->
  </suite> <!-- Default suite -->
</testng-results>
